{"/Users/vuppa/Desktop/Carousel/src/App.js": {"path":"/Users/vuppa/Desktop/Carousel/src/App.js","statementMap":{"0":{"start":{"line":7,"column":16},"end":{"line":7,"column":40}},"1":{"start":{"line":8,"column":23},"end":{"line":8,"column":54}},"2":{"start":{"line":10,"column":19},"end":{"line":10,"column":32}},"3":{"start":{"line":12,"column":24},"end":{"line":14,"column":3}},"4":{"start":{"line":13,"column":4},"end":{"line":13,"column":29}},"5":{"start":{"line":16,"column":29},"end":{"line":19,"column":3}},"6":{"start":{"line":17,"column":22},"end":{"line":17,"column":30}},"7":{"start":{"line":18,"column":4},"end":{"line":18,"column":42}},"8":{"start":{"line":21,"column":29},"end":{"line":23,"column":3}},"9":{"start":{"line":22,"column":4},"end":{"line":22,"column":31}},"10":{"start":{"line":25,"column":37},"end":{"line":27,"column":3}},"11":{"start":{"line":26,"column":4},"end":{"line":26,"column":39}},"12":{"start":{"line":29,"column":2},"end":{"line":40,"column":4}}},"fnMap":{"0":{"name":"App","decl":{"start":{"line":6,"column":9},"end":{"line":6,"column":12}},"loc":{"start":{"line":6,"column":15},"end":{"line":41,"column":1}},"line":6},"1":{"name":"(anonymous_1)","decl":{"start":{"line":12,"column":24},"end":{"line":12,"column":25}},"loc":{"start":{"line":12,"column":35},"end":{"line":14,"column":3}},"line":12},"2":{"name":"(anonymous_2)","decl":{"start":{"line":16,"column":29},"end":{"line":16,"column":30}},"loc":{"start":{"line":16,"column":43},"end":{"line":19,"column":3}},"line":16},"3":{"name":"(anonymous_3)","decl":{"start":{"line":21,"column":29},"end":{"line":21,"column":30}},"loc":{"start":{"line":21,"column":40},"end":{"line":23,"column":3}},"line":21},"4":{"name":"(anonymous_4)","decl":{"start":{"line":25,"column":37},"end":{"line":25,"column":38}},"loc":{"start":{"line":25,"column":48},"end":{"line":27,"column":3}},"line":25}},"branchMap":{},"s":{"0":9,"1":9,"2":9,"3":9,"4":1,"5":9,"6":0,"7":0,"8":9,"9":1,"10":9,"11":12,"12":9},"f":{"0":9,"1":1,"2":0,"3":1,"4":12},"b":{},"_coverageSchema":"1a1c01bbd47fc00a2c39e90264f33305004495a9","hash":"8f6c914c873b70109ba22d0d5deb1838d5f89a5b"}
,"/Users/vuppa/Desktop/Carousel/src/index.js": {"path":"/Users/vuppa/Desktop/Carousel/src/index.js","statementMap":{"0":{"start":{"line":7,"column":13},"end":{"line":7,"column":65}},"1":{"start":{"line":8,"column":0},"end":{"line":12,"column":2}}},"fnMap":{},"branchMap":{},"s":{"0":1,"1":1},"f":{},"b":{},"_coverageSchema":"1a1c01bbd47fc00a2c39e90264f33305004495a9","hash":"f51db66830721614a9d9be9787a86aedb67282a1"}
,"/Users/vuppa/Desktop/Carousel/src/components/Carousel.jsx": {"path":"/Users/vuppa/Desktop/Carousel/src/components/Carousel.jsx","statementMap":{"0":{"start":{"line":7,"column":17},"end":{"line":157,"column":1}},"1":{"start":{"line":9,"column":29},"end":{"line":9,"column":41}},"2":{"start":{"line":11,"column":38},"end":{"line":11,"column":49}},"3":{"start":{"line":12,"column":38},"end":{"line":12,"column":60}},"4":{"start":{"line":15,"column":23},"end":{"line":41,"column":8}},"5":{"start":{"line":16,"column":22},"end":{"line":16,"column":32}},"6":{"start":{"line":17,"column":21},"end":{"line":17,"column":24}},"7":{"start":{"line":18,"column":23},"end":{"line":18,"column":52}},"8":{"start":{"line":19,"column":21},"end":{"line":19,"column":48}},"9":{"start":{"line":20,"column":26},"end":{"line":20,"column":47}},"10":{"start":{"line":22,"column":20},"end":{"line":38,"column":5}},"11":{"start":{"line":23,"column":26},"end":{"line":23,"column":48}},"12":{"start":{"line":24,"column":27},"end":{"line":24,"column":62}},"13":{"start":{"line":25,"column":21},"end":{"line":25,"column":108}},"14":{"start":{"line":26,"column":27},"end":{"line":26,"column":62}},"15":{"start":{"line":28,"column":6},"end":{"line":30,"column":7}},"16":{"start":{"line":29,"column":8},"end":{"line":29,"column":92}},"17":{"start":{"line":32,"column":6},"end":{"line":37,"column":7}},"18":{"start":{"line":33,"column":8},"end":{"line":33,"column":39}},"19":{"start":{"line":36,"column":8},"end":{"line":36,"column":15}},"20":{"start":{"line":40,"column":4},"end":{"line":40,"column":35}},"21":{"start":{"line":44,"column":27},"end":{"line":50,"column":20}},"22":{"start":{"line":45,"column":4},"end":{"line":49,"column":5}},"23":{"start":{"line":46,"column":6},"end":{"line":46,"column":64}},"24":{"start":{"line":48,"column":6},"end":{"line":48,"column":34}},"25":{"start":{"line":53,"column":2},"end":{"line":53,"column":62}},"26":{"start":{"line":56,"column":2},"end":{"line":60,"column":5}},"27":{"start":{"line":57,"column":14},"end":{"line":57,"column":65}},"28":{"start":{"line":58,"column":19},"end":{"line":58,"column":42}},"29":{"start":{"line":59,"column":4},"end":{"line":59,"column":33}},"30":{"start":{"line":62,"column":21},"end":{"line":64,"column":3}},"31":{"start":{"line":66,"column":22},"end":{"line":69,"column":3}},"32":{"start":{"line":72,"column":26},"end":{"line":79,"column":46}},"33":{"start":{"line":74,"column":21},"end":{"line":74,"column":52}},"34":{"start":{"line":76,"column":4},"end":{"line":76,"column":71}},"35":{"start":{"line":78,"column":4},"end":{"line":78,"column":28}},"36":{"start":{"line":82,"column":26},"end":{"line":89,"column":46}},"37":{"start":{"line":84,"column":21},"end":{"line":84,"column":73}},"38":{"start":{"line":86,"column":4},"end":{"line":86,"column":39}},"39":{"start":{"line":88,"column":4},"end":{"line":88,"column":60}},"40":{"start":{"line":92,"column":26},"end":{"line":98,"column":3}},"41":{"start":{"line":93,"column":14},"end":{"line":95,"column":10}},"42":{"start":{"line":97,"column":4},"end":{"line":97,"column":21}},"43":{"start":{"line":101,"column":29},"end":{"line":113,"column":3}},"44":{"start":{"line":102,"column":15},"end":{"line":102,"column":41}},"45":{"start":{"line":104,"column":4},"end":{"line":106,"column":5}},"46":{"start":{"line":105,"column":6},"end":{"line":105,"column":91}},"47":{"start":{"line":108,"column":4},"end":{"line":110,"column":5}},"48":{"start":{"line":109,"column":6},"end":{"line":109,"column":70}},"49":{"start":{"line":112,"column":4},"end":{"line":112,"column":27}},"50":{"start":{"line":116,"column":29},"end":{"line":118,"column":3}},"51":{"start":{"line":117,"column":4},"end":{"line":117,"column":24}},"52":{"start":{"line":120,"column":2},"end":{"line":156,"column":4}},"53":{"start":{"line":129,"column":14},"end":{"line":131,"column":20}},"54":{"start":{"line":147,"column":10},"end":{"line":152,"column":16}},"55":{"start":{"line":148,"column":66},"end":{"line":148,"column":94}},"56":{"start":{"line":150,"column":51},"end":{"line":150,"column":76}}},"fnMap":{"0":{"name":"(anonymous_0)","decl":{"start":{"line":7,"column":17},"end":{"line":7,"column":18}},"loc":{"start":{"line":7,"column":107},"end":{"line":157,"column":1}},"line":7},"1":{"name":"(anonymous_1)","decl":{"start":{"line":15,"column":35},"end":{"line":15,"column":36}},"loc":{"start":{"line":15,"column":65},"end":{"line":41,"column":3}},"line":15},"2":{"name":"(anonymous_2)","decl":{"start":{"line":22,"column":20},"end":{"line":22,"column":21}},"loc":{"start":{"line":22,"column":26},"end":{"line":38,"column":5}},"line":22},"3":{"name":"(anonymous_3)","decl":{"start":{"line":44,"column":39},"end":{"line":44,"column":40}},"loc":{"start":{"line":44,"column":45},"end":{"line":50,"column":3}},"line":44},"4":{"name":"(anonymous_4)","decl":{"start":{"line":56,"column":20},"end":{"line":56,"column":21}},"loc":{"start":{"line":56,"column":26},"end":{"line":60,"column":3}},"line":56},"5":{"name":"(anonymous_5)","decl":{"start":{"line":72,"column":38},"end":{"line":72,"column":39}},"loc":{"start":{"line":72,"column":44},"end":{"line":79,"column":3}},"line":72},"6":{"name":"(anonymous_6)","decl":{"start":{"line":82,"column":38},"end":{"line":82,"column":39}},"loc":{"start":{"line":82,"column":44},"end":{"line":89,"column":3}},"line":82},"7":{"name":"(anonymous_7)","decl":{"start":{"line":92,"column":26},"end":{"line":92,"column":27}},"loc":{"start":{"line":92,"column":32},"end":{"line":98,"column":3}},"line":92},"8":{"name":"(anonymous_8)","decl":{"start":{"line":101,"column":29},"end":{"line":101,"column":30}},"loc":{"start":{"line":101,"column":43},"end":{"line":113,"column":3}},"line":101},"9":{"name":"(anonymous_9)","decl":{"start":{"line":116,"column":29},"end":{"line":116,"column":30}},"loc":{"start":{"line":116,"column":40},"end":{"line":118,"column":3}},"line":116},"10":{"name":"(anonymous_10)","decl":{"start":{"line":128,"column":23},"end":{"line":128,"column":24}},"loc":{"start":{"line":129,"column":14},"end":{"line":131,"column":20}},"line":129},"11":{"name":"(anonymous_11)","decl":{"start":{"line":146,"column":19},"end":{"line":146,"column":20}},"loc":{"start":{"line":147,"column":10},"end":{"line":152,"column":16}},"line":147},"12":{"name":"(anonymous_12)","decl":{"start":{"line":148,"column":59},"end":{"line":148,"column":60}},"loc":{"start":{"line":148,"column":66},"end":{"line":148,"column":94}},"line":148},"13":{"name":"(anonymous_13)","decl":{"start":{"line":150,"column":45},"end":{"line":150,"column":46}},"loc":{"start":{"line":150,"column":51},"end":{"line":150,"column":76}},"line":150}},"branchMap":{"0":{"loc":{"start":{"line":25,"column":21},"end":{"line":25,"column":108}},"type":"cond-expr","locations":[{"start":{"line":25,"column":42},"end":{"line":25,"column":63}},{"start":{"line":25,"column":66},"end":{"line":25,"column":108}}],"line":25},"1":{"loc":{"start":{"line":28,"column":6},"end":{"line":30,"column":7}},"type":"if","locations":[{"start":{"line":28,"column":6},"end":{"line":30,"column":7}},{"start":{},"end":{}}],"line":28},"2":{"loc":{"start":{"line":32,"column":6},"end":{"line":37,"column":7}},"type":"if","locations":[{"start":{"line":32,"column":6},"end":{"line":37,"column":7}},{"start":{"line":34,"column":13},"end":{"line":37,"column":7}}],"line":32},"3":{"loc":{"start":{"line":45,"column":4},"end":{"line":49,"column":5}},"type":"if","locations":[{"start":{"line":45,"column":4},"end":{"line":49,"column":5}},{"start":{"line":47,"column":11},"end":{"line":49,"column":5}}],"line":45},"4":{"loc":{"start":{"line":76,"column":29},"end":{"line":76,"column":69}},"type":"cond-expr","locations":[{"start":{"line":76,"column":46},"end":{"line":76,"column":58}},{"start":{"line":76,"column":61},"end":{"line":76,"column":69}}],"line":76},"5":{"loc":{"start":{"line":84,"column":21},"end":{"line":84,"column":73}},"type":"cond-expr","locations":[{"start":{"line":84,"column":40},"end":{"line":84,"column":56}},{"start":{"line":84,"column":59},"end":{"line":84,"column":73}}],"line":84},"6":{"loc":{"start":{"line":88,"column":18},"end":{"line":88,"column":58}},"type":"cond-expr","locations":[{"start":{"line":88,"column":35},"end":{"line":88,"column":47}},{"start":{"line":88,"column":50},"end":{"line":88,"column":58}}],"line":88},"7":{"loc":{"start":{"line":93,"column":14},"end":{"line":95,"column":10}},"type":"cond-expr","locations":[{"start":{"line":94,"column":8},"end":{"line":94,"column":37}},{"start":{"line":95,"column":8},"end":{"line":95,"column":10}}],"line":93},"8":{"loc":{"start":{"line":104,"column":4},"end":{"line":106,"column":5}},"type":"if","locations":[{"start":{"line":104,"column":4},"end":{"line":106,"column":5}},{"start":{},"end":{}}],"line":104},"9":{"loc":{"start":{"line":108,"column":4},"end":{"line":110,"column":5}},"type":"if","locations":[{"start":{"line":108,"column":4},"end":{"line":110,"column":5}},{"start":{},"end":{}}],"line":108},"10":{"loc":{"start":{"line":149,"column":13},"end":{"line":151,"column":13}},"type":"binary-expr","locations":[{"start":{"line":149,"column":13},"end":{"line":149,"column":29}},{"start":{"line":150,"column":14},"end":{"line":150,"column":93}}],"line":149}},"s":{"0":2,"1":26,"2":26,"3":26,"4":26,"5":2,"6":2,"7":2,"8":2,"9":2,"10":2,"11":0,"12":0,"13":0,"14":0,"15":0,"16":0,"17":0,"18":0,"19":0,"20":2,"21":26,"22":11,"23":11,"24":0,"25":26,"26":26,"27":26,"28":26,"29":26,"30":26,"31":26,"32":26,"33":1,"34":1,"35":1,"36":26,"37":1,"38":1,"39":1,"40":26,"41":2,"42":2,"43":26,"44":1,"45":1,"46":1,"47":1,"48":0,"49":1,"50":26,"51":2,"52":26,"53":78,"54":78,"55":1,"56":2},"f":{"0":26,"1":2,"2":0,"3":11,"4":26,"5":1,"6":1,"7":2,"8":1,"9":2,"10":78,"11":78,"12":1,"13":2},"b":{"0":[0,0],"1":[0,0],"2":[0,0],"3":[11,0],"4":[1,0],"5":[1,0],"6":[0,1],"7":[2,0],"8":[1,0],"9":[0,1],"10":[78,78]},"_coverageSchema":"1a1c01bbd47fc00a2c39e90264f33305004495a9","hash":"b6ce7c19912731f2ddc1b5f26fd7b2df32e41af4"}
,"/Users/vuppa/Desktop/Carousel/src/constants/appConstants.js": {"path":"/Users/vuppa/Desktop/Carousel/src/constants/appConstants.js","statementMap":{"0":{"start":{"line":1,"column":27},"end":{"line":1,"column":30}},"1":{"start":{"line":2,"column":28},"end":{"line":2,"column":31}},"2":{"start":{"line":3,"column":26},"end":{"line":3,"column":27}}},"fnMap":{},"branchMap":{},"s":{"0":2,"1":2,"2":2},"f":{},"b":{},"_coverageSchema":"1a1c01bbd47fc00a2c39e90264f33305004495a9","hash":"74f390439779cea2fb4d757a8eb56ecade263364"}
,"/Users/vuppa/Desktop/Carousel/src/hooks/useColorHook.js": {"path":"/Users/vuppa/Desktop/Carousel/src/hooks/useColorHook.js","statementMap":{},"fnMap":{},"branchMap":{},"s":{},"f":{},"b":{}}
,"/Users/vuppa/Desktop/Carousel/src/hooks/useMirrorNodes.js": {"path":"/Users/vuppa/Desktop/Carousel/src/hooks/useMirrorNodes.js","statementMap":{"0":{"start":{"line":4,"column":22},"end":{"line":4,"column":89}},"1":{"start":{"line":6,"column":2},"end":{"line":59,"column":21}},"2":{"start":{"line":7,"column":27},"end":{"line":39,"column":5}},"3":{"start":{"line":8,"column":6},"end":{"line":8,"column":51}},"4":{"start":{"line":8,"column":44},"end":{"line":8,"column":51}},"5":{"start":{"line":10,"column":21},"end":{"line":10,"column":41}},"6":{"start":{"line":11,"column":6},"end":{"line":11,"column":36}},"7":{"start":{"line":11,"column":29},"end":{"line":11,"column":36}},"8":{"start":{"line":14,"column":6},"end":{"line":14,"column":26}},"9":{"start":{"line":17,"column":25},"end":{"line":17,"column":50}},"10":{"start":{"line":18,"column":26},"end":{"line":18,"column":51}},"11":{"start":{"line":19,"column":30},"end":{"line":19,"column":71}},"12":{"start":{"line":20,"column":24},"end":{"line":20,"column":65}},"13":{"start":{"line":21,"column":6},"end":{"line":21,"column":46}},"14":{"start":{"line":22,"column":6},"end":{"line":22,"column":47}},"15":{"start":{"line":23,"column":6},"end":{"line":23,"column":51}},"16":{"start":{"line":24,"column":6},"end":{"line":24,"column":45}},"17":{"start":{"line":26,"column":6},"end":{"line":26,"column":66}},"18":{"start":{"line":27,"column":6},"end":{"line":27,"column":72}},"19":{"start":{"line":29,"column":6},"end":{"line":29,"column":42}},"20":{"start":{"line":30,"column":6},"end":{"line":30,"column":43}},"21":{"start":{"line":33,"column":6},"end":{"line":33,"column":44}},"22":{"start":{"line":34,"column":6},"end":{"line":34,"column":47}},"23":{"start":{"line":35,"column":6},"end":{"line":35,"column":55}},"24":{"start":{"line":36,"column":6},"end":{"line":36,"column":44}},"25":{"start":{"line":38,"column":6},"end":{"line":38,"column":25}},"26":{"start":{"line":41,"column":30},"end":{"line":56,"column":5}},"27":{"start":{"line":43,"column":6},"end":{"line":55,"column":7}},"28":{"start":{"line":51,"column":8},"end":{"line":51,"column":59}},"29":{"start":{"line":52,"column":8},"end":{"line":52,"column":60}},"30":{"start":{"line":53,"column":8},"end":{"line":53,"column":64}},"31":{"start":{"line":54,"column":8},"end":{"line":54,"column":58}},"32":{"start":{"line":58,"column":4},"end":{"line":58,"column":21}}},"fnMap":{"0":{"name":"useMirrorNodes","decl":{"start":{"line":3,"column":9},"end":{"line":3,"column":23}},"loc":{"start":{"line":3,"column":54},"end":{"line":61,"column":1}},"line":3},"1":{"name":"(anonymous_1)","decl":{"start":{"line":6,"column":12},"end":{"line":6,"column":13}},"loc":{"start":{"line":6,"column":18},"end":{"line":59,"column":3}},"line":6},"2":{"name":"(anonymous_2)","decl":{"start":{"line":7,"column":27},"end":{"line":7,"column":28}},"loc":{"start":{"line":7,"column":33},"end":{"line":39,"column":5}},"line":7},"3":{"name":"(anonymous_3)","decl":{"start":{"line":41,"column":30},"end":{"line":41,"column":31}},"loc":{"start":{"line":41,"column":36},"end":{"line":56,"column":5}},"line":41}},"branchMap":{"0":{"loc":{"start":{"line":8,"column":6},"end":{"line":8,"column":51}},"type":"if","locations":[{"start":{"line":8,"column":6},"end":{"line":8,"column":51}},{"start":{},"end":{}}],"line":8},"1":{"loc":{"start":{"line":8,"column":10},"end":{"line":8,"column":42}},"type":"binary-expr","locations":[{"start":{"line":8,"column":10},"end":{"line":8,"column":22}},{"start":{"line":8,"column":26},"end":{"line":8,"column":42}}],"line":8},"2":{"loc":{"start":{"line":11,"column":6},"end":{"line":11,"column":36}},"type":"if","locations":[{"start":{"line":11,"column":6},"end":{"line":11,"column":36}},{"start":{},"end":{}}],"line":11},"3":{"loc":{"start":{"line":43,"column":6},"end":{"line":55,"column":7}},"type":"if","locations":[{"start":{"line":43,"column":6},"end":{"line":55,"column":7}},{"start":{},"end":{}}],"line":43},"4":{"loc":{"start":{"line":44,"column":8},"end":{"line":48,"column":35}},"type":"binary-expr","locations":[{"start":{"line":44,"column":8},"end":{"line":44,"column":19}},{"start":{"line":45,"column":11},"end":{"line":45,"column":36}},{"start":{"line":46,"column":11},"end":{"line":46,"column":37}},{"start":{"line":47,"column":11},"end":{"line":47,"column":41}},{"start":{"line":48,"column":11},"end":{"line":48,"column":35}}],"line":44}},"s":{"0":26,"1":26,"2":11,"3":11,"4":0,"5":11,"6":11,"7":0,"8":11,"9":11,"10":11,"11":11,"12":11,"13":11,"14":11,"15":11,"16":11,"17":11,"18":11,"19":11,"20":11,"21":11,"22":11,"23":11,"24":11,"25":11,"26":11,"27":11,"28":0,"29":0,"30":0,"31":0,"32":11},"f":{"0":26,"1":11,"2":11,"3":11},"b":{"0":[0,11],"1":[11,11],"2":[0,11],"3":[0,11],"4":[11,11,0,0,0]},"_coverageSchema":"1a1c01bbd47fc00a2c39e90264f33305004495a9","hash":"0a265cda6ec422bedf17b375c67c45f3f87a6837"}
,"/Users/vuppa/Desktop/Carousel/src/hooks/useResizeListener.js": {"path":"/Users/vuppa/Desktop/Carousel/src/hooks/useResizeListener.js","statementMap":{"0":{"start":{"line":8,"column":2},"end":{"line":28,"column":17}},"1":{"start":{"line":10,"column":4},"end":{"line":13,"column":5}},"2":{"start":{"line":11,"column":6},"end":{"line":11,"column":72}},"3":{"start":{"line":12,"column":6},"end":{"line":12,"column":13}},"4":{"start":{"line":16,"column":25},"end":{"line":18,"column":5}},"5":{"start":{"line":17,"column":6},"end":{"line":17,"column":17}},"6":{"start":{"line":21,"column":4},"end":{"line":21,"column":52}},"7":{"start":{"line":24,"column":4},"end":{"line":24,"column":19}},"8":{"start":{"line":27,"column":4},"end":{"line":27,"column":68}},"9":{"start":{"line":27,"column":17},"end":{"line":27,"column":67}}},"fnMap":{"0":{"name":"useResizeListener","decl":{"start":{"line":7,"column":9},"end":{"line":7,"column":26}},"loc":{"start":{"line":7,"column":37},"end":{"line":29,"column":1}},"line":7},"1":{"name":"(anonymous_1)","decl":{"start":{"line":8,"column":12},"end":{"line":8,"column":13}},"loc":{"start":{"line":8,"column":18},"end":{"line":28,"column":3}},"line":8},"2":{"name":"(anonymous_2)","decl":{"start":{"line":16,"column":25},"end":{"line":16,"column":26}},"loc":{"start":{"line":16,"column":31},"end":{"line":18,"column":5}},"line":16},"3":{"name":"(anonymous_3)","decl":{"start":{"line":27,"column":11},"end":{"line":27,"column":12}},"loc":{"start":{"line":27,"column":17},"end":{"line":27,"column":67}},"line":27}},"branchMap":{"0":{"loc":{"start":{"line":10,"column":4},"end":{"line":13,"column":5}},"type":"if","locations":[{"start":{"line":10,"column":4},"end":{"line":13,"column":5}},{"start":{},"end":{}}],"line":10}},"s":{"0":26,"1":26,"2":0,"3":0,"4":26,"5":26,"6":26,"7":26,"8":26,"9":26},"f":{"0":26,"1":26,"2":26,"3":26},"b":{"0":[0,26]},"_coverageSchema":"1a1c01bbd47fc00a2c39e90264f33305004495a9","hash":"07d4fa7b02cb6070c25aa1589050b72e2a840ccf"}
,"/Users/vuppa/Desktop/Carousel/src/utils/helpers.js": {"path":"/Users/vuppa/Desktop/Carousel/src/utils/helpers.js","statementMap":{"0":{"start":{"line":1,"column":27},"end":{"line":1,"column":53}},"1":{"start":{"line":1,"column":35},"end":{"line":1,"column":53}}},"fnMap":{"0":{"name":"(anonymous_0)","decl":{"start":{"line":1,"column":27},"end":{"line":1,"column":28}},"loc":{"start":{"line":1,"column":35},"end":{"line":1,"column":53}},"line":1}},"branchMap":{"0":{"loc":{"start":{"line":1,"column":35},"end":{"line":1,"column":53}},"type":"binary-expr","locations":[{"start":{"line":1,"column":35},"end":{"line":1,"column":47}},{"start":{"line":1,"column":51},"end":{"line":1,"column":53}}],"line":1}},"s":{"0":1,"1":4},"f":{"0":4},"b":{"0":[4,2]},"_coverageSchema":"1a1c01bbd47fc00a2c39e90264f33305004495a9","hash":"ccadb0ae72c44e245a293d2c746d88095734d8d1"}
}
