TN:
SF:src/App.js
FN:6,App
FN:12,(anonymous_1)
FN:16,(anonymous_2)
FN:21,(anonymous_3)
FN:25,(anonymous_4)
FNF:5
FNH:4
FNDA:9,App
FNDA:1,(anonymous_1)
FNDA:0,(anonymous_2)
FNDA:1,(anonymous_3)
FNDA:12,(anonymous_4)
DA:7,9
DA:8,9
DA:10,9
DA:12,9
DA:13,1
DA:16,9
DA:17,0
DA:18,0
DA:21,9
DA:22,1
DA:25,9
DA:26,12
DA:29,9
LF:13
LH:11
BRF:0
BRH:0
end_of_record
TN:
SF:src/index.js
FNF:0
FNH:0
DA:7,1
DA:8,1
LF:2
LH:2
BRF:0
BRH:0
end_of_record
TN:
SF:src/components/Carousel.jsx
FN:7,(anonymous_0)
FN:15,(anonymous_1)
FN:22,(anonymous_2)
FN:44,(anonymous_3)
FN:56,(anonymous_4)
FN:72,(anonymous_5)
FN:82,(anonymous_6)
FN:92,(anonymous_7)
FN:101,(anonymous_8)
FN:116,(anonymous_9)
FN:128,(anonymous_10)
FN:146,(anonymous_11)
FN:148,(anonymous_12)
FN:150,(anonymous_13)
FNF:14
FNH:13
FNDA:26,(anonymous_0)
FNDA:2,(anonymous_1)
FNDA:0,(anonymous_2)
FNDA:11,(anonymous_3)
FNDA:26,(anonymous_4)
FNDA:1,(anonymous_5)
FNDA:1,(anonymous_6)
FNDA:2,(anonymous_7)
FNDA:1,(anonymous_8)
FNDA:2,(anonymous_9)
FNDA:78,(anonymous_10)
FNDA:78,(anonymous_11)
FNDA:1,(anonymous_12)
FNDA:2,(anonymous_13)
DA:7,2
DA:9,26
DA:11,26
DA:12,26
DA:15,26
DA:16,2
DA:17,2
DA:18,2
DA:19,2
DA:20,2
DA:22,2
DA:23,0
DA:24,0
DA:25,0
DA:26,0
DA:28,0
DA:29,0
DA:32,0
DA:33,0
DA:36,0
DA:40,2
DA:44,26
DA:45,11
DA:46,11
DA:48,0
DA:53,26
DA:56,26
DA:57,26
DA:58,26
DA:59,26
DA:62,26
DA:66,26
DA:72,26
DA:74,1
DA:76,1
DA:78,1
DA:82,26
DA:84,1
DA:86,1
DA:88,1
DA:92,26
DA:93,2
DA:97,2
DA:101,26
DA:102,1
DA:104,1
DA:105,1
DA:108,1
DA:109,0
DA:112,1
DA:116,26
DA:117,2
DA:120,26
DA:129,78
DA:147,78
DA:148,1
DA:150,2
LF:57
LH:46
BRDA:25,0,0,0
BRDA:25,0,1,0
BRDA:28,1,0,0
BRDA:28,1,1,0
BRDA:32,2,0,0
BRDA:32,2,1,0
BRDA:45,3,0,11
BRDA:45,3,1,0
BRDA:76,4,0,1
BRDA:76,4,1,0
BRDA:84,5,0,1
BRDA:84,5,1,0
BRDA:88,6,0,0
BRDA:88,6,1,1
BRDA:93,7,0,2
BRDA:93,7,1,0
BRDA:104,8,0,1
BRDA:104,8,1,0
BRDA:108,9,0,0
BRDA:108,9,1,1
BRDA:149,10,0,78
BRDA:149,10,1,78
BRF:22
BRH:9
end_of_record
TN:
SF:src/constants/appConstants.js
FNF:0
FNH:0
DA:1,2
DA:2,2
DA:3,2
LF:3
LH:3
BRF:0
BRH:0
end_of_record
TN:
SF:src/hooks/useColorHook.js
FNF:0
FNH:0
LF:0
LH:0
BRF:0
BRH:0
end_of_record
TN:
SF:src/hooks/useMirrorNodes.js
FN:3,useMirrorNodes
FN:6,(anonymous_1)
FN:7,(anonymous_2)
FN:41,(anonymous_3)
FNF:4
FNH:4
FNDA:26,useMirrorNodes
FNDA:11,(anonymous_1)
FNDA:11,(anonymous_2)
FNDA:11,(anonymous_3)
DA:4,26
DA:6,26
DA:7,11
DA:8,11
DA:10,11
DA:11,11
DA:14,11
DA:17,11
DA:18,11
DA:19,11
DA:20,11
DA:21,11
DA:22,11
DA:23,11
DA:24,11
DA:26,11
DA:27,11
DA:29,11
DA:30,11
DA:33,11
DA:34,11
DA:35,11
DA:36,11
DA:38,11
DA:41,11
DA:43,11
DA:51,0
DA:52,0
DA:53,0
DA:54,0
DA:58,11
LF:31
LH:27
BRDA:8,0,0,0
BRDA:8,0,1,11
BRDA:8,1,0,11
BRDA:8,1,1,11
BRDA:11,2,0,0
BRDA:11,2,1,11
BRDA:43,3,0,0
BRDA:43,3,1,11
BRDA:44,4,0,11
BRDA:44,4,1,11
BRDA:44,4,2,0
BRDA:44,4,3,0
BRDA:44,4,4,0
BRF:13
BRH:7
end_of_record
TN:
SF:src/hooks/useResizeListener.js
FN:7,useResizeListener
FN:8,(anonymous_1)
FN:16,(anonymous_2)
FN:27,(anonymous_3)
FNF:4
FNH:4
FNDA:26,useResizeListener
FNDA:26,(anonymous_1)
FNDA:26,(anonymous_2)
FNDA:26,(anonymous_3)
DA:8,26
DA:10,26
DA:11,0
DA:12,0
DA:16,26
DA:17,26
DA:21,26
DA:24,26
DA:27,26
LF:9
LH:7
BRDA:10,0,0,0
BRDA:10,0,1,26
BRF:2
BRH:1
end_of_record
TN:
SF:src/utils/helpers.js
FN:1,(anonymous_0)
FNF:1
FNH:1
FNDA:4,(anonymous_0)
DA:1,4
LF:1
LH:1
BRDA:1,0,0,4
BRDA:1,0,1,2
BRF:2
BRH:2
end_of_record
